[debug] [2022-02-20T08:18:18.345Z] ----------------------------------------------------------------------
[debug] [2022-02-20T08:18:18.350Z] Command:       C:\Program Files\nodejs\node.exe C:\Users\dineshkumar\AppData\Roaming\npm\node_modules\firebase-tools\lib\bin\firebase.js init
[debug] [2022-02-20T08:18:18.351Z] CLI Version:   10.2.1
[debug] [2022-02-20T08:18:18.351Z] Platform:      win32
[debug] [2022-02-20T08:18:18.351Z] Node Version:  v12.16.1
[debug] [2022-02-20T08:18:18.353Z] Time:          Sun Feb 20 2022 13:48:18 GMT+0530 (India Standard Time)
[debug] [2022-02-20T08:18:18.354Z] ----------------------------------------------------------------------
[debug] 
[debug] [2022-02-20T08:18:18.431Z] > command requires scopes: ["email","openid","https://www.googleapis.com/auth/cloudplatformprojects.readonly","https://www.googleapis.com/auth/firebase","https://www.googleapis.com/auth/cloud-platform"]
[debug] [2022-02-20T08:18:18.431Z] > authorizing via signed-in user (dinesh24tpt@gmail.com)
[info] 
     ######## #### ########  ######## ########     ###     ######  ########
     ##        ##  ##     ## ##       ##     ##  ##   ##  ##       ##
     ######    ##  ########  ######   ########  #########  ######  ######
     ##        ##  ##    ##  ##       ##     ## ##     ##       ## ##
     ##       #### ##     ## ######## ########  ##     ##  ######  ########

You're about to initialize a Firebase project in this directory:

  C:\Users\dineshkumar\portfolioDk2912-main

Before we get started, keep in mind:

  * You are initializing within an existing Firebase project directory

[info] 
=== Project Setup
[info] 
[info] First, let's associate this project directory with a Firebase project.
[info] You can create multiple project aliases by running firebase use --add, 
[info] but for now we'll just set up a default project.
[info] 
[debug] [2022-02-20T08:18:33.836Z] Using project from CLI flag: portfolio-be7f7
[debug] [2022-02-20T08:18:33.839Z] >>> [apiv2][query] GET https://firebase.googleapis.com/v1beta1/projects/portfolio-be7f7 [none]
[debug] [2022-02-20T08:18:34.748Z] <<< [apiv2][status] GET https://firebase.googleapis.com/v1beta1/projects/portfolio-be7f7 200
[debug] [2022-02-20T08:18:34.749Z] <<< [apiv2][body] GET https://firebase.googleapis.com/v1beta1/projects/portfolio-be7f7 {"projectId":"portfolio-be7f7","projectNumber":"114757551162","displayName":"portfolio","name":"projects/portfolio-be7f7","resources":{"hostingSite":"portfolio-be7f7","realtimeDatabaseInstance":"portfolio-be7f7","storageBucket":"portfolio-be7f7.appspot.com","locationId":"us-central"},"state":"ACTIVE"}
[info] i  Using project portfolio-be7f7 (portfolio) 
[info] 
=== Hosting:github Setup
[info] 
[info] i  Didn't detect a .git folder. Assuming C:\Users\dineshkumar\portfolioDk2912-main is the project root. 
[info] i  Authorizing with GitHub to upload your service account to a GitHub repository's secrets store. 
[info] 
[info] Visit this URL on this device to log in:
[info] https://github.com/login/oauth/authorize?client_id=89cf50f02ac6aaed3484&state=424623379&redirect_uri=http%3A%2F%2Flocalhost%3A9005&scope=read%3Auser%20repo%20public_repo
[info] 
[info] Waiting for authentication...
[debug] [2022-02-20T08:18:35.923Z] >>> HTTP REQUEST POST https://github.com/login/oauth/access_token  
 {"client_id":"89cf50f02ac6aaed3484","client_secret":"3330d14abc895d9a74d5f17cd7a00711fa2c5bf0","code":"c14c41e12856b876f0ed","redirect_uri":"http://localhost:9005","state":"424623379"}
[debug] [2022-02-20T08:18:36.484Z] <<< HTTP RESPONSE 200 {"server":"GitHub.com","date":"Sun, 20 Feb 2022 08:18:36 GMT","content-type":"application/json; charset=utf-8","transfer-encoding":"chunked","vary":"X-PJAX, X-PJAX-Container, Accept-Encoding, Accept, X-Requested-With","permissions-policy":"interest-cohort=()","etag":"W/\"29c9c53066b860606733a7c485350dcb\"","cache-control":"max-age=0, private, must-revalidate","strict-transport-security":"max-age=31536000; includeSubdomains; preload","x-frame-options":"deny","x-content-type-options":"nosniff","x-xss-protection":"0","referrer-policy":"origin-when-cross-origin, strict-origin-when-cross-origin","expect-ct":"max-age=2592000, report-uri=\"https://api.github.com/_private/browser/errors\"","content-security-policy":"default-src 'none'; base-uri 'self'; block-all-mixed-content; child-src github.com/assets-cdn/worker/ gist.github.com/assets-cdn/worker/; connect-src 'self' uploads.github.com objects-origin.githubusercontent.com www.githubstatus.com collector.githubapp.com collector.github.com api.github.com github-cloud.s3.amazonaws.com github-production-repository-file-5c1aeb.s3.amazonaws.com github-production-upload-manifest-file-7fdce7.s3.amazonaws.com github-production-user-asset-6210df.s3.amazonaws.com cdn.optimizely.com logx.optimizely.com/v1/events translator.github.com wss://alive.github.com; font-src github.githubassets.com; form-action 'self' github.com gist.github.com objects-origin.githubusercontent.com; frame-ancestors 'none'; frame-src render.githubusercontent.com viewscreen.githubusercontent.com notebooks.githubusercontent.com; img-src 'self' data: github.githubassets.com identicons.github.com collector.githubapp.com collector.github.com github-cloud.s3.amazonaws.com secured-user-images.githubusercontent.com/ *.githubusercontent.com; manifest-src 'self'; media-src github.com user-images.githubusercontent.com/; script-src github.githubassets.com; style-src 'unsafe-inline' github.githubassets.com; worker-src github.com/assets-cdn/worker/ gist.github.com/assets-cdn/worker/","x-github-request-id":"A857:2F4F:830F5:F7FA0:6211F95C"}
[debug] [2022-02-20T08:18:36.500Z] >>> [apiv2][query] GET https://api.github.com/user [none]
[debug] [2022-02-20T08:18:36.953Z] <<< [apiv2][status] GET https://api.github.com/user 200
[debug] [2022-02-20T08:18:36.954Z] <<< [apiv2][body] GET https://api.github.com/user {"login":"itsDinz","id":4956930,"node_id":"MDQ6VXNlcjQ5NTY5MzA=","avatar_url":"https://avatars.githubusercontent.com/u/4956930?v=4","gravatar_id":"","url":"https://api.github.com/users/itsDinz","html_url":"https://github.com/itsDinz","followers_url":"https://api.github.com/users/itsDinz/followers","following_url":"https://api.github.com/users/itsDinz/following{/other_user}","gists_url":"https://api.github.com/users/itsDinz/gists{/gist_id}","starred_url":"https://api.github.com/users/itsDinz/starred{/owner}{/repo}","subscriptions_url":"https://api.github.com/users/itsDinz/subscriptions","organizations_url":"https://api.github.com/users/itsDinz/orgs","repos_url":"https://api.github.com/users/itsDinz/repos","events_url":"https://api.github.com/users/itsDinz/events{/privacy}","received_events_url":"https://api.github.com/users/itsDinz/received_events","type":"User","site_admin":false,"name":null,"company":null,"blog":"","location":null,"email":null,"hireable":null,"bio":null,"twitter_username":null,"public_repos":2,"public_gists":0,"followers":0,"following":0,"created_at":"2013-07-07T03:40:36Z","updated_at":"2022-02-20T07:54:58Z","private_gists":0,"total_private_repos":4,"owned_private_repos":4,"disk_usage":5201,"collaborators":0,"two_factor_authentication":false,"plan":{"name":"free","space":976562499,"collaborators":0,"private_repos":10000}}
[info] 
[info] +  Success! Logged into GitHub as itsDinz 
[info] 
[debug] [2022-02-20T08:18:59.295Z] >>> [apiv2][query] GET https://api.github.com/repos/itsDinz/portfoliov2/actions/secrets/public-key type=owner
[debug] [2022-02-20T08:18:59.729Z] <<< [apiv2][status] GET https://api.github.com/repos/itsDinz/portfoliov2/actions/secrets/public-key 404
[debug] [2022-02-20T08:18:59.730Z] <<< [apiv2][body] GET https://api.github.com/repos/itsDinz/portfoliov2/actions/secrets/public-key {"message":"Not Found","documentation_url":"https://docs.github.com/rest/reference/actions#get-a-repository-public-key"}
[debug] [2022-02-20T08:19:00.624Z] >>> [apiv2][query] GET https://api.github.com/repos/itsDinz/portfoliov2/actions/secrets/public-key type=owner
[debug] [2022-02-20T08:19:01.005Z] <<< [apiv2][status] GET https://api.github.com/repos/itsDinz/portfoliov2/actions/secrets/public-key 404
[debug] [2022-02-20T08:19:01.006Z] <<< [apiv2][body] GET https://api.github.com/repos/itsDinz/portfoliov2/actions/secrets/public-key {"message":"Not Found","documentation_url":"https://docs.github.com/rest/reference/actions#get-a-repository-public-key"}
[debug] [2022-02-20T08:19:04.229Z] >>> [apiv2][query] GET https://api.github.com/repos/itsDinz/portfolio/actions/secrets/public-key type=owner
[debug] [2022-02-20T08:19:04.641Z] <<< [apiv2][status] GET https://api.github.com/repos/itsDinz/portfolio/actions/secrets/public-key 404
[debug] [2022-02-20T08:19:04.641Z] <<< [apiv2][body] GET https://api.github.com/repos/itsDinz/portfolio/actions/secrets/public-key {"message":"Not Found","documentation_url":"https://docs.github.com/rest/reference/actions#get-a-repository-public-key"}
[debug] [2022-02-20T08:19:07.069Z] >>> [apiv2][query] GET https://api.github.com/repos/itsDinz/portfolio/actions/secrets/public-key type=owner
[debug] [2022-02-20T08:19:07.509Z] <<< [apiv2][status] GET https://api.github.com/repos/itsDinz/portfolio/actions/secrets/public-key 404
[debug] [2022-02-20T08:19:07.509Z] <<< [apiv2][body] GET https://api.github.com/repos/itsDinz/portfolio/actions/secrets/public-key {"message":"Not Found","documentation_url":"https://docs.github.com/rest/reference/actions#get-a-repository-public-key"}
[debug] [2022-02-20T08:19:12.330Z] >>> [apiv2][query] GET https://api.github.com/repos/itsDinz/portfolio/actions/secrets/public-key type=owner
[debug] [2022-02-20T08:19:12.685Z] <<< [apiv2][status] GET https://api.github.com/repos/itsDinz/portfolio/actions/secrets/public-key 404
[debug] [2022-02-20T08:19:12.686Z] <<< [apiv2][body] GET https://api.github.com/repos/itsDinz/portfolio/actions/secrets/public-key {"message":"Not Found","documentation_url":"https://docs.github.com/rest/reference/actions#get-a-repository-public-key"}
[debug] [2022-02-20T13:06:15.928Z] >>> [apiv2][query] GET https://api.github.com/repos/itsDinz/portfolio/actions/secrets/public-key type=owner
[debug] [2022-02-20T13:06:16.832Z] <<< [apiv2][status] GET https://api.github.com/repos/itsDinz/portfolio/actions/secrets/public-key 404
[debug] [2022-02-20T13:06:16.832Z] <<< [apiv2][body] GET https://api.github.com/repos/itsDinz/portfolio/actions/secrets/public-key {"message":"Not Found","documentation_url":"https://docs.github.com/rest/reference/actions#get-a-repository-public-key"}
[debug] [2022-02-20T13:06:27.662Z] >>> [apiv2][query] GET https://api.github.com/repos/itsDinz/portfolio/actions/secrets/public-key type=owner
[debug] [2022-02-20T13:06:28.004Z] <<< [apiv2][status] GET https://api.github.com/repos/itsDinz/portfolio/actions/secrets/public-key 404
[debug] [2022-02-20T13:06:28.004Z] <<< [apiv2][body] GET https://api.github.com/repos/itsDinz/portfolio/actions/secrets/public-key {"message":"Not Found","documentation_url":"https://docs.github.com/rest/reference/actions#get-a-repository-public-key"}
[debug] [2022-02-20T13:06:29.328Z] >>> [apiv2][query] GET https://api.github.com/repos/itsDinz/portfolio/actions/secrets/public-key type=owner
[debug] [2022-02-20T13:06:29.691Z] <<< [apiv2][status] GET https://api.github.com/repos/itsDinz/portfolio/actions/secrets/public-key 404
[debug] [2022-02-20T13:06:29.691Z] <<< [apiv2][body] GET https://api.github.com/repos/itsDinz/portfolio/actions/secrets/public-key {"message":"Not Found","documentation_url":"https://docs.github.com/rest/reference/actions#get-a-repository-public-key"}
[debug] [2022-02-20T13:06:44.400Z] >>> [apiv2][query] GET https://api.github.com/repos/				/actions/secrets/public-key type=owner
[debug] [2022-02-20T13:06:44.746Z] <<< [apiv2][status] GET https://api.github.com/repos/				/actions/secrets/public-key 404
[debug] [2022-02-20T13:06:44.746Z] <<< [apiv2][body] GET https://api.github.com/repos/				/actions/secrets/public-key {"message":"Not Found","documentation_url":"https://docs.github.com/rest"}
[debug] [2022-02-20T13:06:45.305Z] >>> [apiv2][query] GET https://api.github.com/repos/				/actions/secrets/public-key type=owner
[debug] [2022-02-20T13:06:45.639Z] <<< [apiv2][status] GET https://api.github.com/repos/				/actions/secrets/public-key 404
[debug] [2022-02-20T13:06:45.639Z] <<< [apiv2][body] GET https://api.github.com/repos/				/actions/secrets/public-key {"message":"Not Found","documentation_url":"https://docs.github.com/rest"}
[debug] [2022-02-20T13:06:46.117Z] >>> [apiv2][query] GET https://api.github.com/repos/				/actions/secrets/public-key type=owner
[debug] [2022-02-20T13:06:46.441Z] <<< [apiv2][status] GET https://api.github.com/repos/				/actions/secrets/public-key 404
[debug] [2022-02-20T13:06:46.441Z] <<< [apiv2][body] GET https://api.github.com/repos/				/actions/secrets/public-key {"message":"Not Found","documentation_url":"https://docs.github.com/rest"}
